<?xml version="1.0" encoding="UTF-8"?>
<!-- Generated by org.testng.reporters.JUnitReportReporter -->
<testsuite skipped="0" hostname="DESKTOP-OCIILT7" name="com.demokart.tests.LandPageTest" tests="1" failures="0" timestamp="06 Oct 2019 06:16:17 GMT" time="27.906" errors="0">
  <testcase name="getLandPageTitle" time="27.906" classname="com.demokart.tests.LandPageTest"/>
</testsuite> <!-- com.demokart.tests.LandPageTest -->
