<?xml version="1.0" encoding="UTF-8"?>
<!-- Generated by org.testng.reporters.JUnitReportReporter -->
<testsuite skipped="0" hostname="DESKTOP-OCIILT7" name="com.demokart.tests.KartPageTest" tests="1" failures="0" timestamp="06 Oct 2019 06:12:36 GMT" time="59.460" errors="0">
  <testcase name="verifyLogin" time="59.460" classname="com.demokart.tests.KartPageTest"/>
</testsuite> <!-- com.demokart.tests.KartPageTest -->
